Connecting to Chrome on 9222...
Connected!
Number of contexts: 1
Context 0:
  Number of pages: 41
    Page 0: error: 'str' object is not callable
    Page 1: error: 'str' object is not callable
    Page 2: error: 'str' object is not callable
    Page 3: error: 'str' object is not callable
    Page 4: error: 'str' object is not callable
    Page 5: error: 'str' object is not callable
    Page 6: error: 'str' object is not callable
    Page 7: error: 'str' object is not callable
    Page 8: error: 'str' object is not callable
    Page 9: error: 'str' object is not callable
    Page 10: error: 'str' object is not callable
    Page 11: error: 'str' object is not callable
    Page 12: error: 'str' object is not callable
    Page 13: error: 'str' object is not callable
    Page 14: error: 'str' object is not callable
    Page 15: error: 'str' object is not callable
    Page 16: error: 'str' object is not callable
    Page 17: error: 'str' object is not callable
    Page 18: error: 'str' object is not callable
    Page 19: error: 'str' object is not callable
    Page 20: error: 'str' object is not callable
    Page 21: error: 'str' object is not callable
    Page 22: error: 'str' object is not callable
    Page 23: error: 'str' object is not callable
    Page 24: error: 'str' object is not callable
    Page 25: error: 'str' object is not callable
    Page 26: error: 'str' object is not callable
    Page 27: error: 'str' object is not callable
    Page 28: error: 'str' object is not callable
    Page 29: error: 'str' object is not callable
    Page 30: error: 'str' object is not callable
    Page 31: error: 'str' object is not callable
    Page 32: error: 'str' object is not callable
    Page 33: error: 'str' object is not callable
    Page 34: error: 'str' object is not callable
    Page 35: error: 'str' object is not callable
    Page 36: error: 'str' object is not callable
    Page 37: error: 'str' object is not callable
    Page 38: error: 'str' object is not callable
    Page 39: error: 'str' object is not callable
    Page 40: error: 'str' object is not callable
