2026-07-19 16:30:22,872 - JobApplicationBot - INFO - Processing Index 3: Provectus - Machine Learning Engineer (GenAI Focus) (lever)
2026-07-19 16:30:28,770 - JobApplicationBot - INFO - Loaded: https://jobs.lever.co/provectus/eec6c605-dcf5-495f-b1a4-00390dd8cb00
2026-07-19 16:30:28,874 - JobApplicationBot - DEBUG - Screenshot saved: /Users/macbookpro/GitHub/prompts/prompts/13-job-seeking-prompts/screenshots/blocked_3_20260719_163028.png
2026-07-19 16:30:28,877 - JobApplicationBot - INFO - Processing Index 5: Provectus - ML/AI Engineer (lever)
2026-07-19 16:30:34,381 - JobApplicationBot - INFO - Loaded: https://jobs.lever.co/provectus/f76f6c65-1649-4924-970d-a5982db6d684
2026-07-19 16:30:34,458 - JobApplicationBot - DEBUG - Screenshot saved: /Users/macbookpro/GitHub/prompts/prompts/13-job-seeking-prompts/screenshots/blocked_5_20260719_163034.png
2026-07-19 16:30:34,460 - JobApplicationBot - INFO - Processing Index 6: Provectus - Data Scientist - AI (lever)
2026-07-19 16:30:39,815 - JobApplicationBot - INFO - Loaded: https://jobs.lever.co/provectus/648e719d-419e-4970-9ce5-752738621443
2026-07-19 16:30:39,894 - JobApplicationBot - DEBUG - Screenshot saved: /Users/macbookpro/GitHub/prompts/prompts/13-job-seeking-prompts/screenshots/blocked_6_20260719_163039.png
2026-07-19 16:30:39,896 - JobApplicationBot - INFO - Processing Index 7: Provectus - AI Engineer (lever)
2026-07-19 16:30:45,227 - JobApplicationBot - INFO - Loaded: https://jobs.lever.co/provectus/af7d425d-6ac5-4213-8592-1627aec6479c
2026-07-19 16:30:45,314 - JobApplicationBot - DEBUG - Screenshot saved: /Users/macbookpro/GitHub/prompts/prompts/13-job-seeking-prompts/screenshots/blocked_7_20260719_163045.png
2026-07-19 16:30:45,316 - JobApplicationBot - INFO - Processing Index 8: Provectus - Senior ML Engineer - NLP (lever)
2026-07-19 16:30:50,799 - JobApplicationBot - INFO - Loaded: https://jobs.lever.co/provectus/67a220f4-3f0b-4f90-8c88-7456e4e19156
2026-07-19 16:30:50,878 - JobApplicationBot - DEBUG - Screenshot saved: /Users/macbookpro/GitHub/prompts/prompts/13-job-seeking-prompts/screenshots/blocked_8_20260719_163050.png
2026-07-19 16:30:50,880 - JobApplicationBot - INFO - Processing Index 16: Provectus - Python Developer (lever)
2026-07-19 16:30:56,195 - JobApplicationBot - INFO - Loaded: https://jobs.lever.co/provectus/e6b3e70e-2ed5-4971-855c-147fb544bc2b
2026-07-19 16:30:56,280 - JobApplicationBot - DEBUG - Screenshot saved: /Users/macbookpro/GitHub/prompts/prompts/13-job-seeking-prompts/screenshots/blocked_16_20260719_163056.png
2026-07-19 16:30:56,282 - JobApplicationBot - INFO - Processing Index 17: Provectus - ML Engineer - Advanced AI (lever)
2026-07-19 16:31:01,593 - JobApplicationBot - INFO - Loaded: https://jobs.lever.co/provectus/124f24b9-cbab-45d5-88eb-2d764d8a279c
2026-07-19 16:31:01,686 - JobApplicationBot - DEBUG - Screenshot saved: /Users/macbookpro/GitHub/prompts/prompts/13-job-seeking-prompts/screenshots/blocked_17_20260719_163101.png
2026-07-19 16:31:01,688 - JobApplicationBot - INFO - Processing Index 18: Provectus - Data Engineer - AI Infrastructure (lever)
2026-07-19 16:31:07,008 - JobApplicationBot - INFO - Loaded: https://jobs.lever.co/provectus/298f9a99-b3a5-4034-97b6-9ffa7e3893b0
2026-07-19 16:31:07,094 - JobApplicationBot - DEBUG - Screenshot saved: /Users/macbookpro/GitHub/prompts/prompts/13-job-seeking-prompts/screenshots/blocked_18_20260719_163107.png
2026-07-19 16:31:07,097 - JobApplicationBot - INFO - Processing Index 19: Provectus - Solutions Architect - GenAI (lever)
2026-07-19 16:31:13,101 - JobApplicationBot - INFO - Loaded: https://jobs.lever.co/provectus/1411c4fa-6e48-4306-a1a1-ab09dce73ea9
2026-07-19 16:31:13,183 - JobApplicationBot - DEBUG - Screenshot saved: /Users/macbookpro/GitHub/prompts/prompts/13-job-seeking-prompts/screenshots/blocked_19_20260719_163113.png
2026-07-19 16:31:13,185 - JobApplicationBot - INFO - Processing Index 20: Provectus - Senior Solutions Architect (lever)
2026-07-19 16:31:18,513 - JobApplicationBot - INFO - Loaded: https://jobs.lever.co/provectus/289e1b0c-7fba-4782-aa6e-9720ea8be207
2026-07-19 16:31:18,598 - JobApplicationBot - DEBUG - Screenshot saved: /Users/macbookpro/GitHub/prompts/prompts/13-job-seeking-prompts/screenshots/blocked_20_20260719_163118.png
