2026-07-19 16:05:02,070 - JobApplicationBot - INFO - Processing Index 1: Provectus - Senior Machine Learning Engineer (lever)
2026-07-19 16:05:07,885 - JobApplicationBot - INFO - Loaded: https://jobs.lever.co/provectus/397ff529-e2e9-4774-9219-5d3060cb6df2
2026-07-19 16:05:07,995 - JobApplicationBot - DEBUG - Screenshot saved: /Users/macbookpro/GitHub/prompts/prompts/13-job-seeking-prompts/screenshots/blocked_1_20260719_160507.png
2026-07-19 16:05:07,999 - JobApplicationBot - INFO - Status saved: /Users/macbookpro/GitHub/prompts/prompts/13-job-seeking-prompts/application_status_1.json - Requires Manual Action
2026-07-19 16:05:07,999 - JobApplicationBot - INFO - Processing Index 2: Provectus - Machine Learning Engineer (lever)
2026-07-19 16:05:13,322 - JobApplicationBot - INFO - Loaded: https://jobs.lever.co/provectus/8ea15b95-fc1f-47a5-bc77-f608ca04a4fa
2026-07-19 16:05:13,416 - JobApplicationBot - DEBUG - Screenshot saved: /Users/macbookpro/GitHub/prompts/prompts/13-job-seeking-prompts/screenshots/blocked_2_20260719_160513.png
2026-07-19 16:05:13,418 - JobApplicationBot - INFO - Status saved: /Users/macbookpro/GitHub/prompts/prompts/13-job-seeking-prompts/application_status_2.json - Requires Manual Action
2026-07-19 16:05:13,418 - JobApplicationBot - INFO - Processing Index 3: Provectus - Machine Learning Engineer (GenAI Focus) (lever)
2026-07-19 16:05:18,773 - JobApplicationBot - INFO - Loaded: https://jobs.lever.co/provectus/eec6c605-dcf5-495f-b1a4-00390dd8cb00
2026-07-19 16:05:18,860 - JobApplicationBot - DEBUG - Screenshot saved: /Users/macbookpro/GitHub/prompts/prompts/13-job-seeking-prompts/screenshots/blocked_3_20260719_160518.png
2026-07-19 16:05:18,862 - JobApplicationBot - INFO - Status saved: /Users/macbookpro/GitHub/prompts/prompts/13-job-seeking-prompts/application_status_3.json - Requires Manual Action
2026-07-19 16:05:18,862 - JobApplicationBot - INFO - Processing Index 4: Provectus - Senior ML Engineer - Computer Vision (lever)
2026-07-19 16:05:24,362 - JobApplicationBot - INFO - Loaded: https://jobs.lever.co/provectus/e92413ae-d12d-4aca-b403-c9f84b42cd33
2026-07-19 16:05:24,459 - JobApplicationBot - DEBUG - Screenshot saved: /Users/macbookpro/GitHub/prompts/prompts/13-job-seeking-prompts/screenshots/blocked_4_20260719_160524.png
2026-07-19 16:05:24,461 - JobApplicationBot - INFO - Status saved: /Users/macbookpro/GitHub/prompts/prompts/13-job-seeking-prompts/application_status_4.json - Requires Manual Action
2026-07-19 16:05:24,461 - JobApplicationBot - INFO - Processing Index 5: Provectus - ML/AI Engineer (lever)
2026-07-19 16:05:29,826 - JobApplicationBot - INFO - Loaded: https://jobs.lever.co/provectus/f76f6c65-1649-4924-970d-a5982db6d684
2026-07-19 16:05:29,914 - JobApplicationBot - DEBUG - Screenshot saved: /Users/macbookpro/GitHub/prompts/prompts/13-job-seeking-prompts/screenshots/blocked_5_20260719_160529.png
2026-07-19 16:05:29,916 - JobApplicationBot - INFO - Status saved: /Users/macbookpro/GitHub/prompts/prompts/13-job-seeking-prompts/application_status_5.json - Requires Manual Action
2026-07-19 16:05:29,916 - JobApplicationBot - INFO - Processing Index 6: Provectus - Data Scientist - AI (lever)
2026-07-19 16:05:35,280 - JobApplicationBot - INFO - Loaded: https://jobs.lever.co/provectus/648e719d-419e-4970-9ce5-752738621443
2026-07-19 16:05:35,372 - JobApplicationBot - DEBUG - Screenshot saved: /Users/macbookpro/GitHub/prompts/prompts/13-job-seeking-prompts/screenshots/blocked_6_20260719_160535.png
2026-07-19 16:05:35,374 - JobApplicationBot - INFO - Status saved: /Users/macbookpro/GitHub/prompts/prompts/13-job-seeking-prompts/application_status_6.json - Requires Manual Action
2026-07-19 16:05:35,374 - JobApplicationBot - INFO - Processing Index 7: Provectus - AI Engineer (lever)
2026-07-19 16:05:40,721 - JobApplicationBot - INFO - Loaded: https://jobs.lever.co/provectus/af7d425d-6ac5-4213-8592-1627aec6479c
2026-07-19 16:05:40,818 - JobApplicationBot - DEBUG - Screenshot saved: /Users/macbookpro/GitHub/prompts/prompts/13-job-seeking-prompts/screenshots/blocked_7_20260719_160540.png
2026-07-19 16:05:40,820 - JobApplicationBot - INFO - Status saved: /Users/macbookpro/GitHub/prompts/prompts/13-job-seeking-prompts/application_status_7.json - Requires Manual Action
2026-07-19 16:05:40,820 - JobApplicationBot - INFO - Processing Index 8: Provectus - Senior ML Engineer - NLP (lever)
2026-07-19 16:05:46,277 - JobApplicationBot - INFO - Loaded: https://jobs.lever.co/provectus/67a220f4-3f0b-4f90-8c88-7456e4e19156
2026-07-19 16:05:46,357 - JobApplicationBot - DEBUG - Screenshot saved: /Users/macbookpro/GitHub/prompts/prompts/13-job-seeking-prompts/screenshots/blocked_8_20260719_160546.png
2026-07-19 16:05:46,358 - JobApplicationBot - INFO - Status saved: /Users/macbookpro/GitHub/prompts/prompts/13-job-seeking-prompts/application_status_8.json - Requires Manual Action
2026-07-19 16:05:46,359 - JobApplicationBot - INFO - Processing Index 9: Provectus - Python Engineer (lever)
2026-07-19 16:05:51,701 - JobApplicationBot - INFO - Loaded: https://jobs.lever.co/provectus/9b48b2bb-ef1d-454a-b060-22dd089051c4
2026-07-19 16:05:51,789 - JobApplicationBot - DEBUG - Screenshot saved: /Users/macbookpro/GitHub/prompts/prompts/13-job-seeking-prompts/screenshots/blocked_9_20260719_160551.png
2026-07-19 16:05:51,791 - JobApplicationBot - INFO - Status saved: /Users/macbookpro/GitHub/prompts/prompts/13-job-seeking-prompts/application_status_9.json - Requires Manual Action
2026-07-19 16:05:51,791 - JobApplicationBot - INFO - Processing Index 10: Oowlish - Senior Python Engineer (lever)
2026-07-19 16:05:57,207 - JobApplicationBot - INFO - Loaded: https://jobs.lever.co/oowlish/e7ce2491-2ec1-499e-b7f5-931bcb6f19e2
2026-07-19 16:05:57,294 - JobApplicationBot - DEBUG - Screenshot saved: /Users/macbookpro/GitHub/prompts/prompts/13-job-seeking-prompts/screenshots/blocked_10_20260719_160557.png
2026-07-19 16:05:57,300 - JobApplicationBot - INFO - Status saved: /Users/macbookpro/GitHub/prompts/prompts/13-job-seeking-prompts/application_status_10.json - Requires Manual Action
2026-07-19 16:05:57,300 - JobApplicationBot - INFO - Processing Index 11: Oowlish - Python Engineer (Entry Level) (lever)
2026-07-19 16:06:02,649 - JobApplicationBot - INFO - Loaded: https://jobs.lever.co/oowlish/547116a2-8de4-4825-910d-a4e2eef11558
2026-07-19 16:06:02,739 - JobApplicationBot - DEBUG - Screenshot saved: /Users/macbookpro/GitHub/prompts/prompts/13-job-seeking-prompts/screenshots/blocked_11_20260719_160602.png
2026-07-19 16:06:02,745 - JobApplicationBot - INFO - Status saved: /Users/macbookpro/GitHub/prompts/prompts/13-job-seeking-prompts/application_status_11.json - Requires Manual Action
2026-07-19 16:06:02,745 - JobApplicationBot - INFO - Processing Index 12: Oowlish - Senior Full Stack Engineer (lever)
2026-07-19 16:06:08,179 - JobApplicationBot - INFO - Loaded: https://jobs.lever.co/oowlish/765cab63-09c4-4963-a095-720abb851e19
2026-07-19 16:06:08,267 - JobApplicationBot - DEBUG - Screenshot saved: /Users/macbookpro/GitHub/prompts/prompts/13-job-seeking-prompts/screenshots/blocked_12_20260719_160608.png
2026-07-19 16:06:08,273 - JobApplicationBot - INFO - Status saved: /Users/macbookpro/GitHub/prompts/prompts/13-job-seeking-prompts/application_status_12.json - Requires Manual Action
2026-07-19 16:06:08,274 - JobApplicationBot - INFO - Processing Index 13: Oowlish - JavaScript Engineer (lever)
2026-07-19 16:06:13,626 - JobApplicationBot - INFO - Loaded: https://jobs.lever.co/oowlish/4c8734c5-469f-4eb8-bd31-8c983030dd00
2026-07-19 16:06:13,717 - JobApplicationBot - DEBUG - Screenshot saved: /Users/macbookpro/GitHub/prompts/prompts/13-job-seeking-prompts/screenshots/blocked_13_20260719_160613.png
2026-07-19 16:06:13,723 - JobApplicationBot - INFO - Status saved: /Users/macbookpro/GitHub/prompts/prompts/13-job-seeking-prompts/application_status_13.json - Requires Manual Action
2026-07-19 16:06:13,723 - JobApplicationBot - INFO - Processing Index 14: Oowlish - Product Manager - AI/ML (lever)
2026-07-19 16:06:19,084 - JobApplicationBot - INFO - Loaded: https://jobs.lever.co/oowlish/a88859d9-ba19-41cb-a36f-a1483f4010fc
2026-07-19 16:06:19,168 - JobApplicationBot - DEBUG - Screenshot saved: /Users/macbookpro/GitHub/prompts/prompts/13-job-seeking-prompts/screenshots/blocked_14_20260719_160619.png
2026-07-19 16:06:19,175 - JobApplicationBot - INFO - Status saved: /Users/macbookpro/GitHub/prompts/prompts/13-job-seeking-prompts/application_status_14.json - Requires Manual Action
2026-07-19 16:06:19,213 - JobApplicationBot - INFO - All applications processed with Phase 2 enhancements
