2026-07-19 16:36:58,859 - JobApplicationBot - INFO - ================================================================================
2026-07-19 16:36:58,860 - JobApplicationBot - INFO - HIL Processing 3: Provectus - Machine Learning Engineer (GenAI Focus)
2026-07-19 16:36:58,860 - JobApplicationBot - INFO - URL: https://jobs.lever.co/provectus/eec6c605-dcf5-495f-b1a4-00390dd8cb00
2026-07-19 16:37:04,409 - JobApplicationBot - INFO - Loaded: https://jobs.lever.co/provectus/eec6c605-dcf5-495f-b1a4-00390dd8cb00
2026-07-19 16:37:04,409 - JobApplicationBot - INFO - If CAPTCHA/challenge is visible, solve it now in the opened browser window. Waiting up to 420s...
2026-07-19 16:37:04,409 - JobApplicationBot - INFO - Detecting Lever form fields dynamically...
2026-07-19 16:37:04,421 - JobApplicationBot - DEBUG - Found 0 form fields: []...
2026-07-19 16:37:08,425 - JobApplicationBot - INFO - Detecting Lever form fields dynamically...
2026-07-19 16:37:08,430 - JobApplicationBot - DEBUG - Found 0 form fields: []...
2026-07-19 16:37:12,431 - JobApplicationBot - INFO - Detecting Lever form fields dynamically...
2026-07-19 16:37:12,436 - JobApplicationBot - DEBUG - Found 0 form fields: []...
2026-07-19 16:37:16,438 - JobApplicationBot - INFO - Detecting Lever form fields dynamically...
2026-07-19 16:37:16,445 - JobApplicationBot - DEBUG - Found 0 form fields: []...
2026-07-19 16:37:20,446 - JobApplicationBot - INFO - Detecting Lever form fields dynamically...
2026-07-19 16:37:20,452 - JobApplicationBot - DEBUG - Found 0 form fields: []...
2026-07-19 16:37:24,453 - JobApplicationBot - INFO - Detecting Lever form fields dynamically...
2026-07-19 16:37:24,458 - JobApplicationBot - DEBUG - Found 0 form fields: []...
2026-07-19 16:37:28,459 - JobApplicationBot - INFO - Detecting Lever form fields dynamically...
2026-07-19 16:37:28,461 - JobApplicationBot - DEBUG - Found 0 form fields: []...
2026-07-19 16:37:32,464 - JobApplicationBot - INFO - Detecting Lever form fields dynamically...
2026-07-19 16:37:32,468 - JobApplicationBot - DEBUG - Found 0 form fields: []...
2026-07-19 16:37:36,469 - JobApplicationBot - INFO - Detecting Lever form fields dynamically...
2026-07-19 16:37:36,474 - JobApplicationBot - DEBUG - Found 0 form fields: []...
2026-07-19 16:37:40,476 - JobApplicationBot - INFO - Detecting Lever form fields dynamically...
2026-07-19 16:37:40,482 - JobApplicationBot - DEBUG - Found 0 form fields: []...
2026-07-19 16:37:44,484 - JobApplicationBot - INFO - Detecting Lever form fields dynamically...
2026-07-19 16:37:44,487 - JobApplicationBot - DEBUG - Found 0 form fields: []...
2026-07-19 16:37:48,489 - JobApplicationBot - INFO - Detecting Lever form fields dynamically...
2026-07-19 16:37:48,491 - JobApplicationBot - DEBUG - Found 0 form fields: []...
2026-07-19 16:37:52,492 - JobApplicationBot - INFO - Detecting Lever form fields dynamically...
2026-07-19 16:37:52,494 - JobApplicationBot - DEBUG - Found 0 form fields: []...
2026-07-19 16:37:56,496 - JobApplicationBot - INFO - Detecting Lever form fields dynamically...
2026-07-19 16:37:56,499 - JobApplicationBot - DEBUG - Found 0 form fields: []...
2026-07-19 16:38:00,500 - JobApplicationBot - INFO - Detecting Lever form fields dynamically...
2026-07-19 16:38:00,502 - JobApplicationBot - DEBUG - Found 0 form fields: []...
2026-07-19 16:38:04,503 - JobApplicationBot - INFO - Detecting Lever form fields dynamically...
2026-07-19 16:38:04,506 - JobApplicationBot - DEBUG - Found 0 form fields: []...
2026-07-19 16:38:08,507 - JobApplicationBot - INFO - Detecting Lever form fields dynamically...
2026-07-19 16:38:08,511 - JobApplicationBot - DEBUG - Found 0 form fields: []...
2026-07-19 16:38:12,516 - JobApplicationBot - INFO - Detecting Lever form fields dynamically...
2026-07-19 16:38:12,522 - JobApplicationBot - DEBUG - Found 0 form fields: []...
2026-07-19 16:38:16,523 - JobApplicationBot - INFO - Detecting Lever form fields dynamically...
2026-07-19 16:38:16,524 - JobApplicationBot - DEBUG - Found 0 form fields: []...
2026-07-19 16:38:20,526 - JobApplicationBot - INFO - Detecting Lever form fields dynamically...
2026-07-19 16:38:20,529 - JobApplicationBot - DEBUG - Found 0 form fields: []...
2026-07-19 16:38:24,531 - JobApplicationBot - INFO - Detecting Lever form fields dynamically...
2026-07-19 16:38:24,533 - JobApplicationBot - DEBUG - Found 0 form fields: []...
2026-07-19 16:38:28,535 - JobApplicationBot - INFO - Detecting Lever form fields dynamically...
2026-07-19 16:38:28,542 - JobApplicationBot - DEBUG - Found 0 form fields: []...
2026-07-19 16:38:32,543 - JobApplicationBot - INFO - Detecting Lever form fields dynamically...
2026-07-19 16:38:32,548 - JobApplicationBot - DEBUG - Found 38 form fields: ['opportunityLocationId', 'resume', 'name', 'email', 'phone']...
2026-07-19 16:38:32,548 - JobApplicationBot - INFO - Filling Lever form with candidate data...
2026-07-19 16:38:32,588 - JobApplicationBot - DEBUG - Filled 'name' field: input[name="name"]
2026-07-19 16:38:32,602 - JobApplicationBot - DEBUG - Filled 'email' field: input[name="email"]
2026-07-19 16:38:32,609 - JobApplicationBot - DEBUG - Filled 'phone' field: input[name="phone"]
2026-07-19 16:38:32,618 - JobApplicationBot - DEBUG - Filled 'location' field: input[name="location"]
2026-07-19 16:39:02,638 - JobApplicationBot - DEBUG - Could not fill field 'selectedLocation': ElementHandle.fill: Timeout 30000ms exceeded.
Call log:
    - fill("Bogotá, Colombia")
  - attempting fill action
    2 × waiting for element to be visible, enabled and editable
      - element is not visible
    - retrying fill action
    - waiting 20ms
    2 × waiting for element to be visible, enabled and editable
      - element is not visible
    - retrying fill action
      - waiting 100ms
    58 × waiting for element to be visible, enabled and editable
       - element is not visible
     - retrying fill action
       - waiting 500ms

2026-07-19 16:39:02,651 - JobApplicationBot - DEBUG - Filled 'linkedin' field: input[name="urls[LinkedIn]"]
2026-07-19 16:39:02,663 - JobApplicationBot - DEBUG - Filled 'github' field: input[name="urls[GitHub]"]
2026-07-19 16:39:32,669 - JobApplicationBot - DEBUG - Could not fill field 'linkedInData': ElementHandle.fill: Timeout 30000ms exceeded.
Call log:
    - fill("https://www.linkedin.com/in/juan-jaramillo-ai/")
  - attempting fill action
    2 × waiting for element to be visible, enabled and editable
      - element is not visible
    - retrying fill action
    - waiting 20ms
    2 × waiting for element to be visible, enabled and editable
      - element is not visible
    - retrying fill action
      - waiting 100ms
    59 × waiting for element to be visible, enabled and editable
       - element is not visible
     - retrying fill action
       - waiting 500ms

2026-07-19 16:39:32,670 - JobApplicationBot - INFO - Successfully filled 6 form fields
2026-07-19 16:39:33,274 - JobApplicationBot - DEBUG - Screenshot saved: /Users/macbookpro/GitHub/prompts/prompts/13-job-seeking-prompts/screenshots/hil_filled_3_20260719_163932.png
2026-07-19 16:39:33,274 - JobApplicationBot - INFO - Locating submit button...
2026-07-19 16:39:33,279 - JobApplicationBot - INFO - Found submit button: button:has-text("Submit application")
2026-07-19 16:39:33,828 - JobApplicationBot - INFO - Clicked submit button
2026-07-19 16:39:36,831 - JobApplicationBot - INFO - Verifying submission...
2026-07-19 16:39:38,886 - JobApplicationBot - INFO - No explicit confirmation found. URL: https://jobs.lever.co/provectus/eec6c605-dcf5-495f-b1a4-00390dd8cb00/apply
2026-07-19 16:39:39,149 - JobApplicationBot - DEBUG - Screenshot saved: /Users/macbookpro/GitHub/prompts/prompts/13-job-seeking-prompts/screenshots/hil_submitted_3_20260719_163938.png
2026-07-19 16:39:39,149 - JobApplicationBot - INFO - Saved HIL status file: /Users/macbookpro/GitHub/prompts/prompts/13-job-seeking-prompts/hil_application_3_status.json -> Submitted
2026-07-19 16:39:39,149 - JobApplicationBot - INFO - ================================================================================
2026-07-19 16:39:39,149 - JobApplicationBot - INFO - HIL Processing 5: Provectus - ML/AI Engineer
2026-07-19 16:39:39,149 - JobApplicationBot - INFO - URL: https://jobs.lever.co/provectus/f76f6c65-1649-4924-970d-a5982db6d684
2026-07-19 16:39:44,409 - JobApplicationBot - INFO - Loaded: https://jobs.lever.co/provectus/f76f6c65-1649-4924-970d-a5982db6d684
2026-07-19 16:39:44,410 - JobApplicationBot - INFO - If CAPTCHA/challenge is visible, solve it now in the opened browser window. Waiting up to 420s...
2026-07-19 16:39:44,410 - JobApplicationBot - INFO - Detecting Lever form fields dynamically...
2026-07-19 16:39:44,415 - JobApplicationBot - DEBUG - Found 0 form fields: []...
2026-07-19 16:39:48,416 - JobApplicationBot - INFO - Detecting Lever form fields dynamically...
2026-07-19 16:39:48,420 - JobApplicationBot - DEBUG - Found 0 form fields: []...
2026-07-19 16:39:52,421 - JobApplicationBot - INFO - Detecting Lever form fields dynamically...
2026-07-19 16:39:52,425 - JobApplicationBot - DEBUG - Found 0 form fields: []...
2026-07-19 16:39:56,427 - JobApplicationBot - INFO - Detecting Lever form fields dynamically...
2026-07-19 16:39:56,429 - JobApplicationBot - DEBUG - Found 0 form fields: []...
2026-07-19 16:40:00,430 - JobApplicationBot - INFO - Detecting Lever form fields dynamically...
2026-07-19 16:40:00,434 - JobApplicationBot - DEBUG - Found 0 form fields: []...
2026-07-19 16:40:04,435 - JobApplicationBot - INFO - Detecting Lever form fields dynamically...
2026-07-19 16:40:04,439 - JobApplicationBot - DEBUG - Found 0 form fields: []...
2026-07-19 16:40:08,440 - JobApplicationBot - INFO - Detecting Lever form fields dynamically...
2026-07-19 16:40:08,445 - JobApplicationBot - DEBUG - Found 0 form fields: []...
2026-07-19 16:40:12,446 - JobApplicationBot - INFO - Detecting Lever form fields dynamically...
2026-07-19 16:40:12,448 - JobApplicationBot - DEBUG - Found 0 form fields: []...
2026-07-19 16:40:16,450 - JobApplicationBot - INFO - Detecting Lever form fields dynamically...
2026-07-19 16:40:16,462 - JobApplicationBot - DEBUG - Found 44 form fields: ['opportunityLocationId', 'resume', 'name', 'email', 'phone']...
2026-07-19 16:40:16,462 - JobApplicationBot - INFO - Filling Lever form with candidate data...
2026-07-19 16:40:16,493 - JobApplicationBot - DEBUG - Filled 'name' field: input[name="name"]
2026-07-19 16:40:16,500 - JobApplicationBot - DEBUG - Filled 'email' field: input[name="email"]
2026-07-19 16:40:16,511 - JobApplicationBot - DEBUG - Filled 'phone' field: input[name="phone"]
2026-07-19 16:40:16,518 - JobApplicationBot - DEBUG - Filled 'location' field: input[name="location"]
2026-07-19 16:40:46,532 - JobApplicationBot - DEBUG - Could not fill field 'selectedLocation': ElementHandle.fill: Timeout 30000ms exceeded.
Call log:
    - fill("Bogotá, Colombia")
  - attempting fill action
    2 × waiting for element to be visible, enabled and editable
      - element is not visible
    - retrying fill action
    - waiting 20ms
    2 × waiting for element to be visible, enabled and editable
      - element is not visible
    - retrying fill action
      - waiting 100ms
    59 × waiting for element to be visible, enabled and editable
       - element is not visible
     - retrying fill action
       - waiting 500ms

2026-07-19 16:40:46,546 - JobApplicationBot - DEBUG - Filled 'linkedin' field: input[name="urls[LinkedIn]"]
2026-07-19 16:40:46,556 - JobApplicationBot - DEBUG - Filled 'github' field: input[name="urls[GitHub]"]
2026-07-19 16:41:16,561 - JobApplicationBot - DEBUG - Could not fill field 'linkedInData': ElementHandle.fill: Timeout 30000ms exceeded.
Call log:
    - fill("https://www.linkedin.com/in/juan-jaramillo-ai/")
  - attempting fill action
    2 × waiting for element to be visible, enabled and editable
      - element is not visible
    - retrying fill action
    - waiting 20ms
    2 × waiting for element to be visible, enabled and editable
      - element is not visible
    - retrying fill action
      - waiting 100ms
    59 × waiting for element to be visible, enabled and editable
       - element is not visible
     - retrying fill action
       - waiting 500ms

2026-07-19 16:41:16,562 - JobApplicationBot - INFO - Successfully filled 6 form fields
2026-07-19 16:41:16,689 - JobApplicationBot - DEBUG - Screenshot saved: /Users/macbookpro/GitHub/prompts/prompts/13-job-seeking-prompts/screenshots/hil_filled_5_20260719_164116.png
2026-07-19 16:41:16,689 - JobApplicationBot - INFO - Locating submit button...
2026-07-19 16:41:16,694 - JobApplicationBot - INFO - Found submit button: button:has-text("Submit application")
2026-07-19 16:41:17,222 - JobApplicationBot - INFO - Clicked submit button
2026-07-19 16:41:20,224 - JobApplicationBot - INFO - Verifying submission...
2026-07-19 16:41:22,286 - JobApplicationBot - INFO - No explicit confirmation found. URL: https://jobs.lever.co/provectus/f76f6c65-1649-4924-970d-a5982db6d684/apply
2026-07-19 16:41:22,399 - JobApplicationBot - DEBUG - Screenshot saved: /Users/macbookpro/GitHub/prompts/prompts/13-job-seeking-prompts/screenshots/hil_submitted_5_20260719_164122.png
2026-07-19 16:41:22,399 - JobApplicationBot - INFO - Saved HIL status file: /Users/macbookpro/GitHub/prompts/prompts/13-job-seeking-prompts/hil_application_5_status.json -> Submitted
2026-07-19 16:41:22,399 - JobApplicationBot - INFO - ================================================================================
2026-07-19 16:41:22,399 - JobApplicationBot - INFO - HIL Processing 6: Provectus - Data Scientist - AI
2026-07-19 16:41:22,399 - JobApplicationBot - INFO - URL: https://jobs.lever.co/provectus/648e719d-419e-4970-9ce5-752738621443
2026-07-19 16:41:27,664 - JobApplicationBot - INFO - Loaded: https://jobs.lever.co/provectus/648e719d-419e-4970-9ce5-752738621443
2026-07-19 16:41:27,664 - JobApplicationBot - INFO - If CAPTCHA/challenge is visible, solve it now in the opened browser window. Waiting up to 420s...
2026-07-19 16:41:27,664 - JobApplicationBot - INFO - Detecting Lever form fields dynamically...
2026-07-19 16:41:27,666 - JobApplicationBot - DEBUG - Found 0 form fields: []...
2026-07-19 16:41:31,674 - JobApplicationBot - INFO - Detecting Lever form fields dynamically...
2026-07-19 16:41:31,675 - JobApplicationBot - DEBUG - Found 0 form fields: []...
2026-07-19 16:41:35,681 - JobApplicationBot - INFO - Detecting Lever form fields dynamically...
2026-07-19 16:41:35,684 - JobApplicationBot - DEBUG - Found 0 form fields: []...
2026-07-19 16:41:39,689 - JobApplicationBot - INFO - Detecting Lever form fields dynamically...
2026-07-19 16:41:39,691 - JobApplicationBot - DEBUG - Found 0 form fields: []...
2026-07-19 16:41:43,695 - JobApplicationBot - INFO - Detecting Lever form fields dynamically...
2026-07-19 16:41:43,699 - JobApplicationBot - DEBUG - Found 0 form fields: []...
2026-07-19 16:41:47,702 - JobApplicationBot - INFO - Detecting Lever form fields dynamically...
2026-07-19 16:41:47,706 - JobApplicationBot - DEBUG - Found 0 form fields: []...
2026-07-19 16:41:51,713 - JobApplicationBot - INFO - Detecting Lever form fields dynamically...
2026-07-19 16:41:51,720 - JobApplicationBot - DEBUG - Found 44 form fields: ['opportunityLocationId', 'resume', 'name', 'email', 'phone']...
2026-07-19 16:41:51,720 - JobApplicationBot - INFO - Filling Lever form with candidate data...
2026-07-19 16:41:51,741 - JobApplicationBot - DEBUG - Filled 'name' field: input[name="name"]
2026-07-19 16:41:51,747 - JobApplicationBot - DEBUG - Filled 'email' field: input[name="email"]
2026-07-19 16:41:51,753 - JobApplicationBot - DEBUG - Filled 'phone' field: input[name="phone"]
2026-07-19 16:41:51,758 - JobApplicationBot - DEBUG - Filled 'location' field: input[name="location"]
2026-07-19 16:42:21,772 - JobApplicationBot - DEBUG - Could not fill field 'selectedLocation': ElementHandle.fill: Timeout 30000ms exceeded.
Call log:
    - fill("Bogotá, Colombia")
  - attempting fill action
    2 × waiting for element to be visible, enabled and editable
      - element is not visible
    - retrying fill action
    - waiting 20ms
    2 × waiting for element to be visible, enabled and editable
      - element is not visible
    - retrying fill action
      - waiting 100ms
    59 × waiting for element to be visible, enabled and editable
       - element is not visible
     - retrying fill action
       - waiting 500ms

2026-07-19 16:42:21,784 - JobApplicationBot - DEBUG - Filled 'linkedin' field: input[name="urls[LinkedIn]"]
2026-07-19 16:42:21,792 - JobApplicationBot - DEBUG - Filled 'github' field: input[name="urls[GitHub]"]
2026-07-19 16:42:51,804 - JobApplicationBot - DEBUG - Could not fill field 'linkedInData': ElementHandle.fill: Timeout 30000ms exceeded.
Call log:
    - fill("https://www.linkedin.com/in/juan-jaramillo-ai/")
  - attempting fill action
    2 × waiting for element to be visible, enabled and editable
      - element is not visible
    - retrying fill action
    - waiting 20ms
    2 × waiting for element to be visible, enabled and editable
      - element is not visible
    - retrying fill action
      - waiting 100ms
    59 × waiting for element to be visible, enabled and editable
       - element is not visible
     - retrying fill action
       - waiting 500ms

2026-07-19 16:42:51,804 - JobApplicationBot - INFO - Successfully filled 6 form fields
2026-07-19 16:42:52,166 - JobApplicationBot - DEBUG - Screenshot saved: /Users/macbookpro/GitHub/prompts/prompts/13-job-seeking-prompts/screenshots/hil_filled_6_20260719_164251.png
2026-07-19 16:42:52,166 - JobApplicationBot - INFO - Locating submit button...
2026-07-19 16:42:52,170 - JobApplicationBot - INFO - Found submit button: button:has-text("Submit application")
2026-07-19 16:42:52,723 - JobApplicationBot - INFO - Clicked submit button
2026-07-19 16:42:55,727 - JobApplicationBot - INFO - Verifying submission...
2026-07-19 16:42:57,783 - JobApplicationBot - INFO - No explicit confirmation found. URL: https://jobs.lever.co/provectus/648e719d-419e-4970-9ce5-752738621443/apply
2026-07-19 16:42:57,903 - JobApplicationBot - DEBUG - Screenshot saved: /Users/macbookpro/GitHub/prompts/prompts/13-job-seeking-prompts/screenshots/hil_submitted_6_20260719_164257.png
2026-07-19 16:42:57,903 - JobApplicationBot - INFO - Saved HIL status file: /Users/macbookpro/GitHub/prompts/prompts/13-job-seeking-prompts/hil_application_6_status.json -> Submitted
2026-07-19 16:42:57,903 - JobApplicationBot - INFO - ================================================================================
2026-07-19 16:42:57,903 - JobApplicationBot - INFO - HIL Processing 7: Provectus - AI Engineer
2026-07-19 16:42:57,903 - JobApplicationBot - INFO - URL: https://jobs.lever.co/provectus/af7d425d-6ac5-4213-8592-1627aec6479c
2026-07-19 16:43:03,252 - JobApplicationBot - INFO - Loaded: https://jobs.lever.co/provectus/af7d425d-6ac5-4213-8592-1627aec6479c
2026-07-19 16:43:03,252 - JobApplicationBot - INFO - If CAPTCHA/challenge is visible, solve it now in the opened browser window. Waiting up to 420s...
2026-07-19 16:43:03,252 - JobApplicationBot - INFO - Detecting Lever form fields dynamically...
2026-07-19 16:43:03,256 - JobApplicationBot - DEBUG - Found 0 form fields: []...
2026-07-19 16:43:07,257 - JobApplicationBot - INFO - Detecting Lever form fields dynamically...
2026-07-19 16:43:07,261 - JobApplicationBot - DEBUG - Found 0 form fields: []...
2026-07-19 16:43:11,263 - JobApplicationBot - INFO - Detecting Lever form fields dynamically...
2026-07-19 16:43:11,270 - JobApplicationBot - DEBUG - Found 0 form fields: []...
2026-07-19 16:43:15,271 - JobApplicationBot - INFO - Detecting Lever form fields dynamically...
2026-07-19 16:43:15,279 - JobApplicationBot - DEBUG - Found 0 form fields: []...
2026-07-19 16:43:19,280 - JobApplicationBot - INFO - Detecting Lever form fields dynamically...
2026-07-19 16:43:19,283 - JobApplicationBot - DEBUG - Found 0 form fields: []...
2026-07-19 16:43:23,285 - JobApplicationBot - INFO - Detecting Lever form fields dynamically...
2026-07-19 16:43:23,291 - JobApplicationBot - DEBUG - Found 0 form fields: []...
2026-07-19 16:43:27,293 - JobApplicationBot - INFO - Detecting Lever form fields dynamically...
2026-07-19 16:43:27,300 - JobApplicationBot - DEBUG - Found 0 form fields: []...
2026-07-19 16:43:31,302 - JobApplicationBot - INFO - Detecting Lever form fields dynamically...
2026-07-19 16:43:31,305 - JobApplicationBot - DEBUG - Found 0 form fields: []...
2026-07-19 16:43:35,307 - JobApplicationBot - INFO - Detecting Lever form fields dynamically...
2026-07-19 16:43:35,311 - JobApplicationBot - DEBUG - Found 0 form fields: []...
2026-07-19 16:43:39,312 - JobApplicationBot - INFO - Detecting Lever form fields dynamically...
2026-07-19 16:43:39,316 - JobApplicationBot - DEBUG - Found 0 form fields: []...
2026-07-19 16:43:43,317 - JobApplicationBot - INFO - Detecting Lever form fields dynamically...
2026-07-19 16:43:43,323 - JobApplicationBot - DEBUG - Found 0 form fields: []...
2026-07-19 16:43:47,325 - JobApplicationBot - INFO - Detecting Lever form fields dynamically...
2026-07-19 16:43:47,333 - JobApplicationBot - DEBUG - Found 0 form fields: []...
2026-07-19 16:43:51,335 - JobApplicationBot - INFO - Detecting Lever form fields dynamically...
2026-07-19 16:43:51,343 - JobApplicationBot - DEBUG - Found 0 form fields: []...
2026-07-19 16:43:55,344 - JobApplicationBot - INFO - Detecting Lever form fields dynamically...
2026-07-19 16:43:55,351 - JobApplicationBot - DEBUG - Found 0 form fields: []...
2026-07-19 16:43:59,353 - JobApplicationBot - INFO - Detecting Lever form fields dynamically...
2026-07-19 16:43:59,364 - JobApplicationBot - DEBUG - Found 38 form fields: ['opportunityLocationId', 'resume', 'name', 'email', 'phone']...
2026-07-19 16:43:59,364 - JobApplicationBot - INFO - Filling Lever form with candidate data...
2026-07-19 16:43:59,401 - JobApplicationBot - DEBUG - Filled 'name' field: input[name="name"]
2026-07-19 16:43:59,408 - JobApplicationBot - DEBUG - Filled 'email' field: input[name="email"]
2026-07-19 16:43:59,413 - JobApplicationBot - DEBUG - Filled 'phone' field: input[name="phone"]
2026-07-19 16:43:59,419 - JobApplicationBot - DEBUG - Filled 'location' field: input[name="location"]
2026-07-19 16:44:29,426 - JobApplicationBot - DEBUG - Could not fill field 'selectedLocation': ElementHandle.fill: Timeout 30000ms exceeded.
Call log:
    - fill("Bogotá, Colombia")
  - attempting fill action
    2 × waiting for element to be visible, enabled and editable
      - element is not visible
    - retrying fill action
    - waiting 20ms
    2 × waiting for element to be visible, enabled and editable
      - element is not visible
    - retrying fill action
      - waiting 100ms
    58 × waiting for element to be visible, enabled and editable
       - element is not visible
     - retrying fill action
       - waiting 500ms

2026-07-19 16:44:29,439 - JobApplicationBot - DEBUG - Filled 'linkedin' field: input[name="urls[LinkedIn]"]
2026-07-19 16:44:29,451 - JobApplicationBot - DEBUG - Filled 'github' field: input[name="urls[GitHub]"]
2026-07-19 16:44:59,463 - JobApplicationBot - DEBUG - Could not fill field 'linkedInData': ElementHandle.fill: Timeout 30000ms exceeded.
Call log:
    - fill("https://www.linkedin.com/in/juan-jaramillo-ai/")
  - attempting fill action
    2 × waiting for element to be visible, enabled and editable
      - element is not visible
    - retrying fill action
    - waiting 20ms
    2 × waiting for element to be visible, enabled and editable
      - element is not visible
    - retrying fill action
      - waiting 100ms
    59 × waiting for element to be visible, enabled and editable
       - element is not visible
     - retrying fill action
       - waiting 500ms

2026-07-19 16:44:59,463 - JobApplicationBot - INFO - Successfully filled 6 form fields
2026-07-19 16:44:59,589 - JobApplicationBot - DEBUG - Screenshot saved: /Users/macbookpro/GitHub/prompts/prompts/13-job-seeking-prompts/screenshots/hil_filled_7_20260719_164459.png
2026-07-19 16:44:59,589 - JobApplicationBot - INFO - Locating submit button...
2026-07-19 16:44:59,593 - JobApplicationBot - INFO - Found submit button: button:has-text("Submit application")
2026-07-19 16:45:00,132 - JobApplicationBot - INFO - Clicked submit button
2026-07-19 16:45:03,134 - JobApplicationBot - INFO - Verifying submission...
2026-07-19 16:45:05,203 - JobApplicationBot - INFO - No explicit confirmation found. URL: https://jobs.lever.co/provectus/af7d425d-6ac5-4213-8592-1627aec6479c/apply
2026-07-19 16:45:05,324 - JobApplicationBot - DEBUG - Screenshot saved: /Users/macbookpro/GitHub/prompts/prompts/13-job-seeking-prompts/screenshots/hil_submitted_7_20260719_164505.png
2026-07-19 16:45:05,324 - JobApplicationBot - INFO - Saved HIL status file: /Users/macbookpro/GitHub/prompts/prompts/13-job-seeking-prompts/hil_application_7_status.json -> Submitted
2026-07-19 16:45:05,324 - JobApplicationBot - INFO - ================================================================================
2026-07-19 16:45:05,324 - JobApplicationBot - INFO - HIL Processing 8: Provectus - Senior ML Engineer - NLP
2026-07-19 16:45:05,324 - JobApplicationBot - INFO - URL: https://jobs.lever.co/provectus/67a220f4-3f0b-4f90-8c88-7456e4e19156
2026-07-19 16:45:10,598 - JobApplicationBot - INFO - Loaded: https://jobs.lever.co/provectus/67a220f4-3f0b-4f90-8c88-7456e4e19156
2026-07-19 16:45:10,598 - JobApplicationBot - INFO - If CAPTCHA/challenge is visible, solve it now in the opened browser window. Waiting up to 420s...
2026-07-19 16:45:10,598 - JobApplicationBot - INFO - Detecting Lever form fields dynamically...
2026-07-19 16:45:10,601 - JobApplicationBot - DEBUG - Found 0 form fields: []...
2026-07-19 16:45:14,602 - JobApplicationBot - INFO - Detecting Lever form fields dynamically...
2026-07-19 16:45:14,609 - JobApplicationBot - DEBUG - Found 0 form fields: []...
2026-07-19 16:45:18,611 - JobApplicationBot - INFO - Detecting Lever form fields dynamically...
2026-07-19 16:45:18,614 - JobApplicationBot - DEBUG - Found 0 form fields: []...
2026-07-19 16:45:22,615 - JobApplicationBot - INFO - Detecting Lever form fields dynamically...
2026-07-19 16:45:22,623 - JobApplicationBot - DEBUG - Found 0 form fields: []...
2026-07-19 16:45:26,624 - JobApplicationBot - INFO - Detecting Lever form fields dynamically...
2026-07-19 16:45:26,626 - JobApplicationBot - DEBUG - Found 0 form fields: []...
2026-07-19 16:45:30,627 - JobApplicationBot - INFO - Detecting Lever form fields dynamically...
2026-07-19 16:45:30,629 - JobApplicationBot - DEBUG - Found 0 form fields: []...
2026-07-19 16:45:34,630 - JobApplicationBot - INFO - Detecting Lever form fields dynamically...
2026-07-19 16:45:34,639 - JobApplicationBot - DEBUG - Found 0 form fields: []...
2026-07-19 16:45:38,641 - JobApplicationBot - INFO - Detecting Lever form fields dynamically...
2026-07-19 16:45:38,664 - JobApplicationBot - DEBUG - Found 0 form fields: []...
2026-07-19 16:45:42,665 - JobApplicationBot - INFO - Detecting Lever form fields dynamically...
2026-07-19 16:45:42,668 - JobApplicationBot - DEBUG - Found 0 form fields: []...
2026-07-19 16:45:46,669 - JobApplicationBot - INFO - Detecting Lever form fields dynamically...
2026-07-19 16:45:46,677 - JobApplicationBot - DEBUG - Found 0 form fields: []...
2026-07-19 16:45:50,678 - JobApplicationBot - INFO - Detecting Lever form fields dynamically...
2026-07-19 16:45:50,680 - JobApplicationBot - DEBUG - Found 0 form fields: []...
2026-07-19 16:45:54,681 - JobApplicationBot - INFO - Detecting Lever form fields dynamically...
2026-07-19 16:45:54,685 - JobApplicationBot - DEBUG - Found 0 form fields: []...
2026-07-19 16:45:58,686 - JobApplicationBot - INFO - Detecting Lever form fields dynamically...
2026-07-19 16:45:58,691 - JobApplicationBot - DEBUG - Found 0 form fields: []...
2026-07-19 16:46:02,692 - JobApplicationBot - INFO - Detecting Lever form fields dynamically...
2026-07-19 16:46:02,699 - JobApplicationBot - DEBUG - Found 0 form fields: []...
2026-07-19 16:46:06,700 - JobApplicationBot - INFO - Detecting Lever form fields dynamically...
2026-07-19 16:46:06,703 - JobApplicationBot - DEBUG - Found 0 form fields: []...
2026-07-19 16:46:10,704 - JobApplicationBot - INFO - Detecting Lever form fields dynamically...
2026-07-19 16:46:10,709 - JobApplicationBot - DEBUG - Found 0 form fields: []...
2026-07-19 16:46:14,710 - JobApplicationBot - INFO - Detecting Lever form fields dynamically...
2026-07-19 16:46:14,712 - JobApplicationBot - DEBUG - Found 0 form fields: []...
2026-07-19 16:46:18,713 - JobApplicationBot - INFO - Detecting Lever form fields dynamically...
2026-07-19 16:46:18,716 - JobApplicationBot - DEBUG - Found 0 form fields: []...
2026-07-19 16:46:22,718 - JobApplicationBot - INFO - Detecting Lever form fields dynamically...
2026-07-19 16:46:22,721 - JobApplicationBot - DEBUG - Found 0 form fields: []...
2026-07-19 16:46:26,723 - JobApplicationBot - INFO - Detecting Lever form fields dynamically...
2026-07-19 16:46:26,726 - JobApplicationBot - DEBUG - Found 0 form fields: []...
2026-07-19 16:46:30,728 - JobApplicationBot - INFO - Detecting Lever form fields dynamically...
2026-07-19 16:46:30,735 - JobApplicationBot - DEBUG - Found 0 form fields: []...
2026-07-19 16:46:34,737 - JobApplicationBot - INFO - Detecting Lever form fields dynamically...
2026-07-19 16:46:34,746 - JobApplicationBot - DEBUG - Found 0 form fields: []...
2026-07-19 16:46:38,748 - JobApplicationBot - INFO - Detecting Lever form fields dynamically...
2026-07-19 16:46:38,752 - JobApplicationBot - DEBUG - Found 0 form fields: []...
2026-07-19 16:46:42,754 - JobApplicationBot - INFO - Detecting Lever form fields dynamically...
2026-07-19 16:46:42,755 - JobApplicationBot - DEBUG - Found 0 form fields: []...
2026-07-19 16:46:46,756 - JobApplicationBot - INFO - Detecting Lever form fields dynamically...
2026-07-19 16:46:46,760 - JobApplicationBot - DEBUG - Found 0 form fields: []...
2026-07-19 16:46:50,761 - JobApplicationBot - INFO - Detecting Lever form fields dynamically...
2026-07-19 16:46:50,765 - JobApplicationBot - DEBUG - Found 0 form fields: []...
2026-07-19 16:46:54,766 - JobApplicationBot - INFO - Detecting Lever form fields dynamically...
2026-07-19 16:46:54,773 - JobApplicationBot - DEBUG - Found 0 form fields: []...
2026-07-19 16:46:58,774 - JobApplicationBot - INFO - Detecting Lever form fields dynamically...
2026-07-19 16:46:58,783 - JobApplicationBot - DEBUG - Found 0 form fields: []...
2026-07-19 16:47:02,785 - JobApplicationBot - INFO - Detecting Lever form fields dynamically...
2026-07-19 16:47:02,789 - JobApplicationBot - DEBUG - Found 0 form fields: []...
2026-07-19 16:47:06,790 - JobApplicationBot - INFO - Detecting Lever form fields dynamically...
2026-07-19 16:47:06,792 - JobApplicationBot - DEBUG - Found 0 form fields: []...
2026-07-19 16:47:10,796 - JobApplicationBot - INFO - Detecting Lever form fields dynamically...
2026-07-19 16:47:10,798 - JobApplicationBot - DEBUG - Found 0 form fields: []...
2026-07-19 16:47:14,799 - JobApplicationBot - INFO - Detecting Lever form fields dynamically...
2026-07-19 16:47:14,803 - JobApplicationBot - DEBUG - Found 0 form fields: []...
2026-07-19 16:47:18,804 - JobApplicationBot - INFO - Detecting Lever form fields dynamically...
2026-07-19 16:47:18,809 - JobApplicationBot - DEBUG - Found 0 form fields: []...
2026-07-19 16:47:22,810 - JobApplicationBot - INFO - Detecting Lever form fields dynamically...
2026-07-19 16:47:22,813 - JobApplicationBot - DEBUG - Found 0 form fields: []...
2026-07-19 16:47:26,815 - JobApplicationBot - INFO - Detecting Lever form fields dynamically...
2026-07-19 16:47:26,822 - JobApplicationBot - DEBUG - Found 0 form fields: []...
2026-07-19 16:47:30,823 - JobApplicationBot - INFO - Detecting Lever form fields dynamically...
2026-07-19 16:47:30,826 - JobApplicationBot - DEBUG - Found 0 form fields: []...
2026-07-19 16:47:34,827 - JobApplicationBot - INFO - Detecting Lever form fields dynamically...
2026-07-19 16:47:34,830 - JobApplicationBot - DEBUG - Found 0 form fields: []...
